13-Sep-2023 15:10:25.880 정보 [main] org.apache.catalina.startup.VersionLoggerListener.log 서버 버전 이름:    Apache Tomcat/9.0.80
13-Sep-2023 15:10:25.883 정보 [main] org.apache.catalina.startup.VersionLoggerListener.log Server 빌드 시각:  Aug 23 2023 21:59:38 UTC
13-Sep-2023 15:10:25.883 정보 [main] org.apache.catalina.startup.VersionLoggerListener.log Server 버전 번호:  9.0.80.0
13-Sep-2023 15:10:25.883 정보 [main] org.apache.catalina.startup.VersionLoggerListener.log 운영체제 이름:     Windows 11
13-Sep-2023 15:10:25.884 정보 [main] org.apache.catalina.startup.VersionLoggerListener.log 운영체제 버전:     10.0
13-Sep-2023 15:10:25.884 정보 [main] org.apache.catalina.startup.VersionLoggerListener.log 아키텍처:          amd64
13-Sep-2023 15:10:25.884 정보 [main] org.apache.catalina.startup.VersionLoggerListener.log 자바 홈:           C:\Program Files\Amazon Corretto\jdk17.0.8_8
13-Sep-2023 15:10:25.884 정보 [main] org.apache.catalina.startup.VersionLoggerListener.log JVM 버전:          17.0.8.1+8-LTS
13-Sep-2023 15:10:25.884 정보 [main] org.apache.catalina.startup.VersionLoggerListener.log JVM 벤더:          Amazon.com Inc.
13-Sep-2023 15:10:25.884 정보 [main] org.apache.catalina.startup.VersionLoggerListener.log CATALINA_BASE:     C:\Users\admin\hjh\apache-tomcat-9.0.80-windows-x64\apache-tomcat-9.0.80
13-Sep-2023 15:10:25.884 정보 [main] org.apache.catalina.startup.VersionLoggerListener.log CATALINA_HOME:     C:\Users\admin\hjh\apache-tomcat-9.0.80-windows-x64\apache-tomcat-9.0.80
13-Sep-2023 15:10:25.897 정보 [main] org.apache.catalina.startup.VersionLoggerListener.log 명령 행 아규먼트:  --add-opens=java.base/java.lang=ALL-UNNAMED
13-Sep-2023 15:10:25.898 정보 [main] org.apache.catalina.startup.VersionLoggerListener.log 명령 행 아규먼트:  --add-opens=java.base/java.io=ALL-UNNAMED
13-Sep-2023 15:10:25.898 정보 [main] org.apache.catalina.startup.VersionLoggerListener.log 명령 행 아규먼트:  --add-opens=java.base/java.util=ALL-UNNAMED
13-Sep-2023 15:10:25.898 정보 [main] org.apache.catalina.startup.VersionLoggerListener.log 명령 행 아규먼트:  --add-opens=java.base/java.util.concurrent=ALL-UNNAMED
13-Sep-2023 15:10:25.898 정보 [main] org.apache.catalina.startup.VersionLoggerListener.log 명령 행 아규먼트:  --add-opens=java.rmi/sun.rmi.transport=ALL-UNNAMED
13-Sep-2023 15:10:25.898 정보 [main] org.apache.catalina.startup.VersionLoggerListener.log 명령 행 아규먼트:  -Djava.util.logging.config.file=C:\Users\admin\hjh\apache-tomcat-9.0.80-windows-x64\apache-tomcat-9.0.80\conf\logging.properties
13-Sep-2023 15:10:25.899 정보 [main] org.apache.catalina.startup.VersionLoggerListener.log 명령 행 아규먼트:  -Djava.util.logging.manager=org.apache.juli.ClassLoaderLogManager
13-Sep-2023 15:10:25.899 정보 [main] org.apache.catalina.startup.VersionLoggerListener.log 명령 행 아규먼트:  -Djdk.tls.ephemeralDHKeySize=2048
13-Sep-2023 15:10:25.899 정보 [main] org.apache.catalina.startup.VersionLoggerListener.log 명령 행 아규먼트:  -Djava.protocol.handler.pkgs=org.apache.catalina.webresources
13-Sep-2023 15:10:25.899 정보 [main] org.apache.catalina.startup.VersionLoggerListener.log 명령 행 아규먼트:  -Dignore.endorsed.dirs=
13-Sep-2023 15:10:25.899 정보 [main] org.apache.catalina.startup.VersionLoggerListener.log 명령 행 아규먼트:  -Dcatalina.base=C:\Users\admin\hjh\apache-tomcat-9.0.80-windows-x64\apache-tomcat-9.0.80
13-Sep-2023 15:10:25.899 정보 [main] org.apache.catalina.startup.VersionLoggerListener.log 명령 행 아규먼트:  -Dcatalina.home=C:\Users\admin\hjh\apache-tomcat-9.0.80-windows-x64\apache-tomcat-9.0.80
13-Sep-2023 15:10:25.900 정보 [main] org.apache.catalina.startup.VersionLoggerListener.log 명령 행 아규먼트:  -Djava.io.tmpdir=C:\Users\admin\hjh\apache-tomcat-9.0.80-windows-x64\apache-tomcat-9.0.80\temp
13-Sep-2023 15:10:25.902 정보 [main] org.apache.catalina.core.AprLifecycleListener.lifecycleEvent APR 버전 [1.7.4]을(를) 사용한, APR 기반 Apache Tomcat Native 라이브러리 [1.2.38]을(를) 로드했습니다.
13-Sep-2023 15:10:25.902 정보 [main] org.apache.catalina.core.AprLifecycleListener.lifecycleEvent APR 용량정보들: IPv6 [true], sendfile [true], accept filters [false], random [true], UDS [true].
13-Sep-2023 15:10:25.902 정보 [main] org.apache.catalina.core.AprLifecycleListener.lifecycleEvent APR/OpenSSL 설정: useAprConnector [false], useOpenSSL [true]
13-Sep-2023 15:10:25.904 정보 [main] org.apache.catalina.core.AprLifecycleListener.initializeSSL OpenSSL이 성공적으로 초기화되었습니다: [OpenSSL 1.1.1v  1 Aug 2023]
13-Sep-2023 15:10:26.056 정보 [main] org.apache.coyote.AbstractProtocol.init 프로토콜 핸들러 ["http-nio-8080"]을(를) 초기화합니다.
13-Sep-2023 15:10:26.081 정보 [main] org.apache.catalina.startup.Catalina.load [346] 밀리초 내에 서버가 초기화되었습니다.
13-Sep-2023 15:10:26.136 정보 [main] org.apache.catalina.core.StandardService.startInternal 서비스 [Catalina]을(를) 시작합니다.
13-Sep-2023 15:10:26.136 정보 [main] org.apache.catalina.core.StandardEngine.startInternal 서버 엔진을 시작합니다: [Apache Tomcat/9.0.80]
13-Sep-2023 15:10:26.150 정보 [main] org.apache.catalina.startup.HostConfig.deployWAR 웹 애플리케이션 아카이브 [C:\Users\admin\hjh\apache-tomcat-9.0.80-windows-x64\apache-tomcat-9.0.80\webapps\abccamp.war]을(를) 배치합니다.
13-Sep-2023 15:10:27.257 정보 [main] org.apache.jasper.servlet.TldScanner.scanJars 적어도 하나의 JAR가 TLD들을 찾기 위해 스캔되었으나 아무 것도 찾지 못했습니다. 스캔했으나 TLD가 없는 JAR들의 전체 목록을 보시려면, 로그 레벨을 디버그 레벨로 설정하십시오. 스캔 과정에서 불필요한 JAR들을 건너뛰면, 시스템 시작 시간과 JSP 컴파일 시간을 단축시킬 수 있습니다.
13-Sep-2023 15:10:27.482 정보 [main] org.springframework.web.servlet.FrameworkServlet.initServletBean Initializing Servlet 'dispatcher'
13-Sep-2023 15:10:28.036 정보 [main] org.springframework.web.servlet.FrameworkServlet.initServletBean Completed initialization in 554 ms
13-Sep-2023 15:10:28.049 정보 [main] org.apache.catalina.startup.HostConfig.deployWAR 웹 애플리케이션 아카이브 [C:\Users\admin\hjh\apache-tomcat-9.0.80-windows-x64\apache-tomcat-9.0.80\webapps\abccamp.war]의 배치가 [1,892] 밀리초에 완료되었습니다.
13-Sep-2023 15:10:28.050 정보 [main] org.apache.catalina.startup.HostConfig.deployDirectory 웹 애플리케이션 디렉토리 [C:\Users\admin\hjh\apache-tomcat-9.0.80-windows-x64\apache-tomcat-9.0.80\webapps\docs]을(를) 배치합니다.
13-Sep-2023 15:10:28.080 정보 [main] org.apache.catalina.startup.HostConfig.deployDirectory 웹 애플리케이션 디렉토리 [C:\Users\admin\hjh\apache-tomcat-9.0.80-windows-x64\apache-tomcat-9.0.80\webapps\docs]에 대한 배치가 [30] 밀리초에 완료되었습니다.
13-Sep-2023 15:10:28.081 정보 [main] org.apache.catalina.startup.HostConfig.deployDirectory 웹 애플리케이션 디렉토리 [C:\Users\admin\hjh\apache-tomcat-9.0.80-windows-x64\apache-tomcat-9.0.80\webapps\examples]을(를) 배치합니다.
13-Sep-2023 15:10:28.360 정보 [main] org.apache.catalina.startup.HostConfig.deployDirectory 웹 애플리케이션 디렉토리 [C:\Users\admin\hjh\apache-tomcat-9.0.80-windows-x64\apache-tomcat-9.0.80\webapps\examples]에 대한 배치가 [278] 밀리초에 완료되었습니다.
13-Sep-2023 15:10:28.360 정보 [main] org.apache.catalina.startup.HostConfig.deployDirectory 웹 애플리케이션 디렉토리 [C:\Users\admin\hjh\apache-tomcat-9.0.80-windows-x64\apache-tomcat-9.0.80\webapps\host-manager]을(를) 배치합니다.
13-Sep-2023 15:10:28.390 정보 [main] org.apache.catalina.startup.HostConfig.deployDirectory 웹 애플리케이션 디렉토리 [C:\Users\admin\hjh\apache-tomcat-9.0.80-windows-x64\apache-tomcat-9.0.80\webapps\host-manager]에 대한 배치가 [30] 밀리초에 완료되었습니다.
13-Sep-2023 15:10:28.390 정보 [main] org.apache.catalina.startup.HostConfig.deployDirectory 웹 애플리케이션 디렉토리 [C:\Users\admin\hjh\apache-tomcat-9.0.80-windows-x64\apache-tomcat-9.0.80\webapps\manager]을(를) 배치합니다.
13-Sep-2023 15:10:28.415 정보 [main] org.apache.catalina.startup.HostConfig.deployDirectory 웹 애플리케이션 디렉토리 [C:\Users\admin\hjh\apache-tomcat-9.0.80-windows-x64\apache-tomcat-9.0.80\webapps\manager]에 대한 배치가 [25] 밀리초에 완료되었습니다.
13-Sep-2023 15:10:28.416 정보 [main] org.apache.catalina.startup.HostConfig.deployDirectory 웹 애플리케이션 디렉토리 [C:\Users\admin\hjh\apache-tomcat-9.0.80-windows-x64\apache-tomcat-9.0.80\webapps\ROOT]을(를) 배치합니다.
13-Sep-2023 15:10:28.441 정보 [main] org.apache.catalina.startup.HostConfig.deployDirectory 웹 애플리케이션 디렉토리 [C:\Users\admin\hjh\apache-tomcat-9.0.80-windows-x64\apache-tomcat-9.0.80\webapps\ROOT]에 대한 배치가 [24] 밀리초에 완료되었습니다.
13-Sep-2023 15:10:28.443 정보 [main] org.apache.coyote.AbstractProtocol.start 프로토콜 핸들러 ["http-nio-8080"]을(를) 시작합니다.
13-Sep-2023 15:10:28.484 정보 [main] org.apache.catalina.startup.Catalina.start 서버가 [2401] 밀리초 내에 시작되었습니다.
13-Sep-2023 15:23:27.341 정보 [main] org.apache.catalina.core.StandardServer.await 셧다운 포트를 통해 유효한 셧다운 명령을 받았습니다. 서버 인스턴스를 중지시킵니다.
13-Sep-2023 15:23:27.341 정보 [main] org.apache.coyote.AbstractProtocol.pause 프로토콜 핸들러 ["http-nio-8080"]을(를) 일시 정지 중
13-Sep-2023 15:23:27.347 정보 [main] org.apache.catalina.core.StandardService.stopInternal 서비스 [Catalina]을(를) 중지시킵니다.
13-Sep-2023 15:23:27.360 경고 [main] org.apache.catalina.loader.WebappClassLoaderBase.clearReferencesJdbc 웹 애플리케이션 [abccamp]이(가) JDBC 드라이버 [com.mysql.cj.jdbc.Driver]을(를) 등록했지만, 웹 애플리케이션이 중지될 때, 해당 JDBC 드라이버의 등록을 제거하지 못했습니다. 메모리 누수를 방지하기 위하여, 등록을 강제로 제거했습니다.
13-Sep-2023 15:23:27.360 경고 [main] org.apache.catalina.loader.WebappClassLoaderBase.clearReferencesJdbc 웹 애플리케이션 [abccamp]이(가) JDBC 드라이버 [org.apache.ibatis.datasource.unpooled.UnpooledDataSource.DriverProxy]을(를) 등록했지만, 웹 애플리케이션이 중지될 때, 해당 JDBC 드라이버의 등록을 제거하지 못했습니다. 메모리 누수를 방지하기 위하여, 등록을 강제로 제거했습니다.
13-Sep-2023 15:23:27.361 경고 [main] org.apache.catalina.loader.WebappClassLoaderBase.clearReferencesThreads 웹 애플리케이션 [abccamp]이(가) [mysql-cj-abandoned-connection-cleanup](이)라는 이름의 쓰레드를 시작시킨 것으로 보이지만, 해당 쓰레드를 중지시키지 못했습니다. 이는 메모리 누수를 유발할 가능성이 큽니다. 해당 쓰레드의 스택 트레이스:
 java.base@17.0.8.1/java.lang.Object.wait(Native Method)
 java.base@17.0.8.1/java.lang.ref.ReferenceQueue.remove(ReferenceQueue.java:155)
 com.mysql.cj.jdbc.AbandonedConnectionCleanupThread.run(AbandonedConnectionCleanupThread.java:91)
 java.base@17.0.8.1/java.util.concurrent.ThreadPoolExecutor.runWorker(ThreadPoolExecutor.java:1136)
 java.base@17.0.8.1/java.util.concurrent.ThreadPoolExecutor$Worker.run(ThreadPoolExecutor.java:635)
 java.base@17.0.8.1/java.lang.Thread.run(Thread.java:833)
13-Sep-2023 15:23:27.366 정보 [main] org.apache.coyote.AbstractProtocol.stop 프로토콜 핸들러 ["http-nio-8080"]을(를) 중지시킵니다.
13-Sep-2023 15:23:27.377 정보 [main] org.apache.coyote.AbstractProtocol.destroy 프로토콜 핸들러 ["http-nio-8080"]을(를) 소멸시킵니다.
13-Sep-2023 15:30:48.761 정보 [main] org.apache.catalina.startup.VersionLoggerListener.log 서버 버전 이름:    Apache Tomcat/9.0.80
13-Sep-2023 15:30:48.763 정보 [main] org.apache.catalina.startup.VersionLoggerListener.log Server 빌드 시각:  Aug 23 2023 21:59:38 UTC
13-Sep-2023 15:30:48.763 정보 [main] org.apache.catalina.startup.VersionLoggerListener.log Server 버전 번호:  9.0.80.0
13-Sep-2023 15:30:48.764 정보 [main] org.apache.catalina.startup.VersionLoggerListener.log 운영체제 이름:     Windows 11
13-Sep-2023 15:30:48.764 정보 [main] org.apache.catalina.startup.VersionLoggerListener.log 운영체제 버전:     10.0
13-Sep-2023 15:30:48.764 정보 [main] org.apache.catalina.startup.VersionLoggerListener.log 아키텍처:          amd64
13-Sep-2023 15:30:48.764 정보 [main] org.apache.catalina.startup.VersionLoggerListener.log 자바 홈:           C:\Program Files\Amazon Corretto\jdk17.0.8_8
13-Sep-2023 15:30:48.764 정보 [main] org.apache.catalina.startup.VersionLoggerListener.log JVM 버전:          17.0.8.1+8-LTS
13-Sep-2023 15:30:48.764 정보 [main] org.apache.catalina.startup.VersionLoggerListener.log JVM 벤더:          Amazon.com Inc.
13-Sep-2023 15:30:48.764 정보 [main] org.apache.catalina.startup.VersionLoggerListener.log CATALINA_BASE:     C:\Users\admin\hjh\apache-tomcat-9.0.80-windows-x64\apache-tomcat-9.0.80
13-Sep-2023 15:30:48.764 정보 [main] org.apache.catalina.startup.VersionLoggerListener.log CATALINA_HOME:     C:\Users\admin\hjh\apache-tomcat-9.0.80-windows-x64\apache-tomcat-9.0.80
13-Sep-2023 15:30:48.772 정보 [main] org.apache.catalina.startup.VersionLoggerListener.log 명령 행 아규먼트:  --add-opens=java.base/java.lang=ALL-UNNAMED
13-Sep-2023 15:30:48.772 정보 [main] org.apache.catalina.startup.VersionLoggerListener.log 명령 행 아규먼트:  --add-opens=java.base/java.io=ALL-UNNAMED
13-Sep-2023 15:30:48.772 정보 [main] org.apache.catalina.startup.VersionLoggerListener.log 명령 행 아규먼트:  --add-opens=java.base/java.util=ALL-UNNAMED
13-Sep-2023 15:30:48.773 정보 [main] org.apache.catalina.startup.VersionLoggerListener.log 명령 행 아규먼트:  --add-opens=java.base/java.util.concurrent=ALL-UNNAMED
13-Sep-2023 15:30:48.773 정보 [main] org.apache.catalina.startup.VersionLoggerListener.log 명령 행 아규먼트:  --add-opens=java.rmi/sun.rmi.transport=ALL-UNNAMED
13-Sep-2023 15:30:48.773 정보 [main] org.apache.catalina.startup.VersionLoggerListener.log 명령 행 아규먼트:  -Djava.util.logging.config.file=C:\Users\admin\hjh\apache-tomcat-9.0.80-windows-x64\apache-tomcat-9.0.80\conf\logging.properties
13-Sep-2023 15:30:48.773 정보 [main] org.apache.catalina.startup.VersionLoggerListener.log 명령 행 아규먼트:  -Djava.util.logging.manager=org.apache.juli.ClassLoaderLogManager
13-Sep-2023 15:30:48.774 정보 [main] org.apache.catalina.startup.VersionLoggerListener.log 명령 행 아규먼트:  -Djdk.tls.ephemeralDHKeySize=2048
13-Sep-2023 15:30:48.774 정보 [main] org.apache.catalina.startup.VersionLoggerListener.log 명령 행 아규먼트:  -Djava.protocol.handler.pkgs=org.apache.catalina.webresources
13-Sep-2023 15:30:48.774 정보 [main] org.apache.catalina.startup.VersionLoggerListener.log 명령 행 아규먼트:  -Dignore.endorsed.dirs=
13-Sep-2023 15:30:48.775 정보 [main] org.apache.catalina.startup.VersionLoggerListener.log 명령 행 아규먼트:  -Dcatalina.base=C:\Users\admin\hjh\apache-tomcat-9.0.80-windows-x64\apache-tomcat-9.0.80
13-Sep-2023 15:30:48.775 정보 [main] org.apache.catalina.startup.VersionLoggerListener.log 명령 행 아규먼트:  -Dcatalina.home=C:\Users\admin\hjh\apache-tomcat-9.0.80-windows-x64\apache-tomcat-9.0.80
13-Sep-2023 15:30:48.775 정보 [main] org.apache.catalina.startup.VersionLoggerListener.log 명령 행 아규먼트:  -Djava.io.tmpdir=C:\Users\admin\hjh\apache-tomcat-9.0.80-windows-x64\apache-tomcat-9.0.80\temp
13-Sep-2023 15:30:48.777 정보 [main] org.apache.catalina.core.AprLifecycleListener.lifecycleEvent APR 버전 [1.7.4]을(를) 사용한, APR 기반 Apache Tomcat Native 라이브러리 [1.2.38]을(를) 로드했습니다.
13-Sep-2023 15:30:48.777 정보 [main] org.apache.catalina.core.AprLifecycleListener.lifecycleEvent APR 용량정보들: IPv6 [true], sendfile [true], accept filters [false], random [true], UDS [true].
13-Sep-2023 15:30:48.777 정보 [main] org.apache.catalina.core.AprLifecycleListener.lifecycleEvent APR/OpenSSL 설정: useAprConnector [false], useOpenSSL [true]
13-Sep-2023 15:30:48.780 정보 [main] org.apache.catalina.core.AprLifecycleListener.initializeSSL OpenSSL이 성공적으로 초기화되었습니다: [OpenSSL 1.1.1v  1 Aug 2023]
13-Sep-2023 15:30:48.908 정보 [main] org.apache.coyote.AbstractProtocol.init 프로토콜 핸들러 ["http-nio-8080"]을(를) 초기화합니다.
13-Sep-2023 15:30:48.923 정보 [main] org.apache.catalina.startup.Catalina.load [278] 밀리초 내에 서버가 초기화되었습니다.
13-Sep-2023 15:30:48.963 정보 [main] org.apache.catalina.core.StandardService.startInternal 서비스 [Catalina]을(를) 시작합니다.
13-Sep-2023 15:30:48.963 정보 [main] org.apache.catalina.core.StandardEngine.startInternal 서버 엔진을 시작합니다: [Apache Tomcat/9.0.80]
13-Sep-2023 15:30:48.979 정보 [main] org.apache.catalina.startup.HostConfig.deployWAR 웹 애플리케이션 아카이브 [C:\Users\admin\hjh\apache-tomcat-9.0.80-windows-x64\apache-tomcat-9.0.80\webapps\abccamp.war]을(를) 배치합니다.
13-Sep-2023 15:30:49.969 정보 [main] org.apache.jasper.servlet.TldScanner.scanJars 적어도 하나의 JAR가 TLD들을 찾기 위해 스캔되었으나 아무 것도 찾지 못했습니다. 스캔했으나 TLD가 없는 JAR들의 전체 목록을 보시려면, 로그 레벨을 디버그 레벨로 설정하십시오. 스캔 과정에서 불필요한 JAR들을 건너뛰면, 시스템 시작 시간과 JSP 컴파일 시간을 단축시킬 수 있습니다.
13-Sep-2023 15:30:50.199 정보 [main] org.springframework.web.servlet.FrameworkServlet.initServletBean Initializing Servlet 'dispatcher'
13-Sep-2023 15:30:50.736 정보 [main] org.springframework.web.servlet.FrameworkServlet.initServletBean Completed initialization in 537 ms
13-Sep-2023 15:30:50.744 정보 [main] org.apache.catalina.startup.HostConfig.deployWAR 웹 애플리케이션 아카이브 [C:\Users\admin\hjh\apache-tomcat-9.0.80-windows-x64\apache-tomcat-9.0.80\webapps\abccamp.war]의 배치가 [1,763] 밀리초에 완료되었습니다.
13-Sep-2023 15:30:50.744 정보 [main] org.apache.catalina.startup.HostConfig.deployDirectory 웹 애플리케이션 디렉토리 [C:\Users\admin\hjh\apache-tomcat-9.0.80-windows-x64\apache-tomcat-9.0.80\webapps\docs]을(를) 배치합니다.
13-Sep-2023 15:30:50.767 정보 [main] org.apache.catalina.startup.HostConfig.deployDirectory 웹 애플리케이션 디렉토리 [C:\Users\admin\hjh\apache-tomcat-9.0.80-windows-x64\apache-tomcat-9.0.80\webapps\docs]에 대한 배치가 [23] 밀리초에 완료되었습니다.
13-Sep-2023 15:30:50.767 정보 [main] org.apache.catalina.startup.HostConfig.deployDirectory 웹 애플리케이션 디렉토리 [C:\Users\admin\hjh\apache-tomcat-9.0.80-windows-x64\apache-tomcat-9.0.80\webapps\examples]을(를) 배치합니다.
13-Sep-2023 15:30:50.981 정보 [main] org.apache.catalina.startup.HostConfig.deployDirectory 웹 애플리케이션 디렉토리 [C:\Users\admin\hjh\apache-tomcat-9.0.80-windows-x64\apache-tomcat-9.0.80\webapps\examples]에 대한 배치가 [213] 밀리초에 완료되었습니다.
13-Sep-2023 15:30:50.982 정보 [main] org.apache.catalina.startup.HostConfig.deployDirectory 웹 애플리케이션 디렉토리 [C:\Users\admin\hjh\apache-tomcat-9.0.80-windows-x64\apache-tomcat-9.0.80\webapps\host-manager]을(를) 배치합니다.
13-Sep-2023 15:30:51.018 정보 [main] org.apache.catalina.startup.HostConfig.deployDirectory 웹 애플리케이션 디렉토리 [C:\Users\admin\hjh\apache-tomcat-9.0.80-windows-x64\apache-tomcat-9.0.80\webapps\host-manager]에 대한 배치가 [36] 밀리초에 완료되었습니다.
13-Sep-2023 15:30:51.019 정보 [main] org.apache.catalina.startup.HostConfig.deployDirectory 웹 애플리케이션 디렉토리 [C:\Users\admin\hjh\apache-tomcat-9.0.80-windows-x64\apache-tomcat-9.0.80\webapps\manager]을(를) 배치합니다.
13-Sep-2023 15:30:51.063 정보 [main] org.apache.catalina.startup.HostConfig.deployDirectory 웹 애플리케이션 디렉토리 [C:\Users\admin\hjh\apache-tomcat-9.0.80-windows-x64\apache-tomcat-9.0.80\webapps\manager]에 대한 배치가 [43] 밀리초에 완료되었습니다.
13-Sep-2023 15:30:51.063 정보 [main] org.apache.catalina.startup.HostConfig.deployDirectory 웹 애플리케이션 디렉토리 [C:\Users\admin\hjh\apache-tomcat-9.0.80-windows-x64\apache-tomcat-9.0.80\webapps\ROOT]을(를) 배치합니다.
13-Sep-2023 15:30:51.087 정보 [main] org.apache.catalina.startup.HostConfig.deployDirectory 웹 애플리케이션 디렉토리 [C:\Users\admin\hjh\apache-tomcat-9.0.80-windows-x64\apache-tomcat-9.0.80\webapps\ROOT]에 대한 배치가 [24] 밀리초에 완료되었습니다.
13-Sep-2023 15:30:51.089 정보 [main] org.apache.coyote.AbstractProtocol.start 프로토콜 핸들러 ["http-nio-8080"]을(를) 시작합니다.
13-Sep-2023 15:30:51.132 정보 [main] org.apache.catalina.startup.Catalina.start 서버가 [2207] 밀리초 내에 시작되었습니다.
13-Sep-2023 15:31:04.649 정보 [Thread-1] org.apache.coyote.AbstractProtocol.pause 프로토콜 핸들러 ["http-nio-8080"]을(를) 일시 정지 중
13-Sep-2023 15:31:04.658 정보 [Thread-1] org.apache.catalina.core.StandardService.stopInternal 서비스 [Catalina]을(를) 중지시킵니다.
13-Sep-2023 15:31:04.670 정보 [Thread-1] org.apache.coyote.AbstractProtocol.stop 프로토콜 핸들러 ["http-nio-8080"]을(를) 중지시킵니다.
13-Sep-2023 15:31:04.683 정보 [Thread-1] org.apache.coyote.AbstractProtocol.destroy 프로토콜 핸들러 ["http-nio-8080"]을(를) 소멸시킵니다.
13-Sep-2023 15:31:20.240 심각 [main] org.apache.catalina.startup.Catalina.stopServer [localhost:8005] (base 포트 [8005] 그리고 offset [0])와(과) 연결할 수 없었습니다. Tomcat이 실행 중이지 않을 수 있습니다.
